  game.cpp
E:\Users\Matias\Documents\Image Campus\Segundo Cuatrimestre\Practica Profesional I Desarrollo de Videojuegos I\Asteroids_Pierpaoli_Matias_TSDV_TM\Asteroids\game.cpp(157,77): warning C4244: '=': conversión de 'int' a 'float'; posible pérdida de datos
E:\Users\Matias\Documents\Image Campus\Segundo Cuatrimestre\Practica Profesional I Desarrollo de Videojuegos I\Asteroids_Pierpaoli_Matias_TSDV_TM\Asteroids\game.cpp(158,83): warning C4244: '=': conversión de 'int' a 'float'; posible pérdida de datos
E:\Users\Matias\Documents\Image Campus\Segundo Cuatrimestre\Practica Profesional I Desarrollo de Videojuegos I\Asteroids_Pierpaoli_Matias_TSDV_TM\Asteroids\game.cpp(159,85): warning C4244: '=': conversión de 'int' a 'float'; posible pérdida de datos
E:\Users\Matias\Documents\Image Campus\Segundo Cuatrimestre\Practica Profesional I Desarrollo de Videojuegos I\Asteroids_Pierpaoli_Matias_TSDV_TM\Asteroids\game.cpp(160,84): warning C4244: '=': conversión de 'int' a 'float'; posible pérdida de datos
E:\Users\Matias\Documents\Image Campus\Segundo Cuatrimestre\Practica Profesional I Desarrollo de Videojuegos I\Asteroids_Pierpaoli_Matias_TSDV_TM\Asteroids\game.cpp(176,63): warning C4244: '=': conversión de 'double' a 'float'; posible pérdida de datos
E:\Users\Matias\Documents\Image Campus\Segundo Cuatrimestre\Practica Profesional I Desarrollo de Videojuegos I\Asteroids_Pierpaoli_Matias_TSDV_TM\Asteroids\game.cpp(177,63): warning C4244: '=': conversión de 'double' a 'float'; posible pérdida de datos
E:\Users\Matias\Documents\Image Campus\Segundo Cuatrimestre\Practica Profesional I Desarrollo de Videojuegos I\Asteroids_Pierpaoli_Matias_TSDV_TM\Asteroids\game.cpp(463,24): warning C4244: '=': conversión de 'int' a 'float'; posible pérdida de datos
E:\Users\Matias\Documents\Image Campus\Segundo Cuatrimestre\Practica Profesional I Desarrollo de Videojuegos I\Asteroids_Pierpaoli_Matias_TSDV_TM\Asteroids\game.cpp(467,91): warning C4244: '=': conversión de 'int' a 'float'; posible pérdida de datos
E:\Users\Matias\Documents\Image Campus\Segundo Cuatrimestre\Practica Profesional I Desarrollo de Videojuegos I\Asteroids_Pierpaoli_Matias_TSDV_TM\Asteroids\game.cpp(473,24): warning C4244: '=': conversión de 'int' a 'float'; posible pérdida de datos
E:\Users\Matias\Documents\Image Campus\Segundo Cuatrimestre\Practica Profesional I Desarrollo de Videojuegos I\Asteroids_Pierpaoli_Matias_TSDV_TM\Asteroids\game.cpp(477,94): warning C4244: '=': conversión de 'int' a 'float'; posible pérdida de datos
E:\Users\Matias\Documents\Image Campus\Segundo Cuatrimestre\Practica Profesional I Desarrollo de Videojuegos I\Asteroids_Pierpaoli_Matias_TSDV_TM\Asteroids\game.cpp(482,40): warning C4244: 'argumento': conversión de 'const float' a 'int'; posible pérdida de datos
E:\Users\Matias\Documents\Image Campus\Segundo Cuatrimestre\Practica Profesional I Desarrollo de Videojuegos I\Asteroids_Pierpaoli_Matias_TSDV_TM\Asteroids\game.cpp(429,29): warning C4244: 'argumento': conversión de 'float' a 'int'; posible pérdida de datos
E:\Users\Matias\Documents\Image Campus\Segundo Cuatrimestre\Practica Profesional I Desarrollo de Videojuegos I\Asteroids_Pierpaoli_Matias_TSDV_TM\Asteroids\game.cpp(482,24): warning C4244: '=': conversión de 'int' a 'float'; posible pérdida de datos
E:\Users\Matias\Documents\Image Campus\Segundo Cuatrimestre\Practica Profesional I Desarrollo de Videojuegos I\Asteroids_Pierpaoli_Matias_TSDV_TM\Asteroids\game.cpp(483,40): warning C4244: 'argumento': conversión de 'const float' a 'int'; posible pérdida de datos
E:\Users\Matias\Documents\Image Campus\Segundo Cuatrimestre\Practica Profesional I Desarrollo de Videojuegos I\Asteroids_Pierpaoli_Matias_TSDV_TM\Asteroids\game.cpp(483,24): warning C4244: '=': conversión de 'int' a 'float'; posible pérdida de datos
E:\Users\Matias\Documents\Image Campus\Segundo Cuatrimestre\Practica Profesional I Desarrollo de Videojuegos I\Asteroids_Pierpaoli_Matias_TSDV_TM\Asteroids\game.cpp(489,42): warning C4244: 'argumento': conversión de 'const float' a 'int'; posible pérdida de datos
E:\Users\Matias\Documents\Image Campus\Segundo Cuatrimestre\Practica Profesional I Desarrollo de Videojuegos I\Asteroids_Pierpaoli_Matias_TSDV_TM\Asteroids\game.cpp(489,26): warning C4244: '=': conversión de 'int' a 'float'; posible pérdida de datos
E:\Users\Matias\Documents\Image Campus\Segundo Cuatrimestre\Practica Profesional I Desarrollo de Videojuegos I\Asteroids_Pierpaoli_Matias_TSDV_TM\Asteroids\game.cpp(490,42): warning C4244: 'argumento': conversión de 'const float' a 'int'; posible pérdida de datos
E:\Users\Matias\Documents\Image Campus\Segundo Cuatrimestre\Practica Profesional I Desarrollo de Videojuegos I\Asteroids_Pierpaoli_Matias_TSDV_TM\Asteroids\game.cpp(490,26): warning C4244: '=': conversión de 'int' a 'float'; posible pérdida de datos
E:\Users\Matias\Documents\Image Campus\Segundo Cuatrimestre\Practica Profesional I Desarrollo de Videojuegos I\Asteroids_Pierpaoli_Matias_TSDV_TM\Asteroids\game.cpp(504,24): warning C4244: '=': conversión de 'int' a 'float'; posible pérdida de datos
E:\Users\Matias\Documents\Image Campus\Segundo Cuatrimestre\Practica Profesional I Desarrollo de Videojuegos I\Asteroids_Pierpaoli_Matias_TSDV_TM\Asteroids\game.cpp(508,91): warning C4244: '=': conversión de 'int' a 'float'; posible pérdida de datos
E:\Users\Matias\Documents\Image Campus\Segundo Cuatrimestre\Practica Profesional I Desarrollo de Videojuegos I\Asteroids_Pierpaoli_Matias_TSDV_TM\Asteroids\game.cpp(514,24): warning C4244: '=': conversión de 'int' a 'float'; posible pérdida de datos
E:\Users\Matias\Documents\Image Campus\Segundo Cuatrimestre\Practica Profesional I Desarrollo de Videojuegos I\Asteroids_Pierpaoli_Matias_TSDV_TM\Asteroids\game.cpp(518,94): warning C4244: '=': conversión de 'int' a 'float'; posible pérdida de datos
E:\Users\Matias\Documents\Image Campus\Segundo Cuatrimestre\Practica Profesional I Desarrollo de Videojuegos I\Asteroids_Pierpaoli_Matias_TSDV_TM\Asteroids\game.cpp(523,40): warning C4244: 'argumento': conversión de 'const float' a 'int'; posible pérdida de datos
E:\Users\Matias\Documents\Image Campus\Segundo Cuatrimestre\Practica Profesional I Desarrollo de Videojuegos I\Asteroids_Pierpaoli_Matias_TSDV_TM\Asteroids\game.cpp(523,24): warning C4244: '=': conversión de 'int' a 'float'; posible pérdida de datos
E:\Users\Matias\Documents\Image Campus\Segundo Cuatrimestre\Practica Profesional I Desarrollo de Videojuegos I\Asteroids_Pierpaoli_Matias_TSDV_TM\Asteroids\game.cpp(524,40): warning C4244: 'argumento': conversión de 'const float' a 'int'; posible pérdida de datos
E:\Users\Matias\Documents\Image Campus\Segundo Cuatrimestre\Practica Profesional I Desarrollo de Videojuegos I\Asteroids_Pierpaoli_Matias_TSDV_TM\Asteroids\game.cpp(524,24): warning C4244: '=': conversión de 'int' a 'float'; posible pérdida de datos
E:\Users\Matias\Documents\Image Campus\Segundo Cuatrimestre\Practica Profesional I Desarrollo de Videojuegos I\Asteroids_Pierpaoli_Matias_TSDV_TM\Asteroids\game.cpp(530,42): warning C4244: 'argumento': conversión de 'const float' a 'int'; posible pérdida de datos
E:\Users\Matias\Documents\Image Campus\Segundo Cuatrimestre\Practica Profesional I Desarrollo de Videojuegos I\Asteroids_Pierpaoli_Matias_TSDV_TM\Asteroids\game.cpp(530,26): warning C4244: '=': conversión de 'int' a 'float'; posible pérdida de datos
E:\Users\Matias\Documents\Image Campus\Segundo Cuatrimestre\Practica Profesional I Desarrollo de Videojuegos I\Asteroids_Pierpaoli_Matias_TSDV_TM\Asteroids\game.cpp(531,42): warning C4244: 'argumento': conversión de 'const float' a 'int'; posible pérdida de datos
E:\Users\Matias\Documents\Image Campus\Segundo Cuatrimestre\Practica Profesional I Desarrollo de Videojuegos I\Asteroids_Pierpaoli_Matias_TSDV_TM\Asteroids\game.cpp(531,26): warning C4244: '=': conversión de 'int' a 'float'; posible pérdida de datos
E:\Users\Matias\Documents\Image Campus\Segundo Cuatrimestre\Practica Profesional I Desarrollo de Videojuegos I\Asteroids_Pierpaoli_Matias_TSDV_TM\Asteroids\game.cpp(544,24): warning C4244: '=': conversión de 'int' a 'float'; posible pérdida de datos
E:\Users\Matias\Documents\Image Campus\Segundo Cuatrimestre\Practica Profesional I Desarrollo de Videojuegos I\Asteroids_Pierpaoli_Matias_TSDV_TM\Asteroids\game.cpp(548,91): warning C4244: '=': conversión de 'int' a 'float'; posible pérdida de datos
E:\Users\Matias\Documents\Image Campus\Segundo Cuatrimestre\Practica Profesional I Desarrollo de Videojuegos I\Asteroids_Pierpaoli_Matias_TSDV_TM\Asteroids\game.cpp(554,24): warning C4244: '=': conversión de 'int' a 'float'; posible pérdida de datos
E:\Users\Matias\Documents\Image Campus\Segundo Cuatrimestre\Practica Profesional I Desarrollo de Videojuegos I\Asteroids_Pierpaoli_Matias_TSDV_TM\Asteroids\game.cpp(558,94): warning C4244: '=': conversión de 'int' a 'float'; posible pérdida de datos
E:\Users\Matias\Documents\Image Campus\Segundo Cuatrimestre\Practica Profesional I Desarrollo de Videojuegos I\Asteroids_Pierpaoli_Matias_TSDV_TM\Asteroids\game.cpp(563,40): warning C4244: 'argumento': conversión de 'const float' a 'int'; posible pérdida de datos
E:\Users\Matias\Documents\Image Campus\Segundo Cuatrimestre\Practica Profesional I Desarrollo de Videojuegos I\Asteroids_Pierpaoli_Matias_TSDV_TM\Asteroids\game.cpp(563,24): warning C4244: '=': conversión de 'int' a 'float'; posible pérdida de datos
E:\Users\Matias\Documents\Image Campus\Segundo Cuatrimestre\Practica Profesional I Desarrollo de Videojuegos I\Asteroids_Pierpaoli_Matias_TSDV_TM\Asteroids\game.cpp(564,40): warning C4244: 'argumento': conversión de 'const float' a 'int'; posible pérdida de datos
E:\Users\Matias\Documents\Image Campus\Segundo Cuatrimestre\Practica Profesional I Desarrollo de Videojuegos I\Asteroids_Pierpaoli_Matias_TSDV_TM\Asteroids\game.cpp(564,24): warning C4244: '=': conversión de 'int' a 'float'; posible pérdida de datos
E:\Users\Matias\Documents\Image Campus\Segundo Cuatrimestre\Practica Profesional I Desarrollo de Videojuegos I\Asteroids_Pierpaoli_Matias_TSDV_TM\Asteroids\game.cpp(570,42): warning C4244: 'argumento': conversión de 'const float' a 'int'; posible pérdida de datos
E:\Users\Matias\Documents\Image Campus\Segundo Cuatrimestre\Practica Profesional I Desarrollo de Videojuegos I\Asteroids_Pierpaoli_Matias_TSDV_TM\Asteroids\game.cpp(570,26): warning C4244: '=': conversión de 'int' a 'float'; posible pérdida de datos
E:\Users\Matias\Documents\Image Campus\Segundo Cuatrimestre\Practica Profesional I Desarrollo de Videojuegos I\Asteroids_Pierpaoli_Matias_TSDV_TM\Asteroids\game.cpp(571,42): warning C4244: 'argumento': conversión de 'const float' a 'int'; posible pérdida de datos
E:\Users\Matias\Documents\Image Campus\Segundo Cuatrimestre\Practica Profesional I Desarrollo de Videojuegos I\Asteroids_Pierpaoli_Matias_TSDV_TM\Asteroids\game.cpp(571,26): warning C4244: '=': conversión de 'int' a 'float'; posible pérdida de datos
  Generando código
  Previous IPDB and IOBJ mismatch, fall back to full compilation.
  All 436 functions were compiled because no usable IPDB/IOBJ from previous compilation was found.
  Generación de código finalizada
raylib.lib(core.obj) : warning LNK4099: no se encontró PDB 'raylib.pdb' con 'raylib.lib(core.obj)' o en 'E:\Users\Matias\Documents\Image Campus\Segundo Cuatrimestre\Practica Profesional I Desarrollo de Videojuegos I\Asteroids_Pierpaoli_Matias_TSDV_TM\bin\Win32\Release\raylib.pdb'; se vinculará el objeto sin tener en cuenta información de depuración
raylib.lib(text.obj) : warning LNK4099: no se encontró PDB 'raylib.pdb' con 'raylib.lib(text.obj)' o en 'E:\Users\Matias\Documents\Image Campus\Segundo Cuatrimestre\Practica Profesional I Desarrollo de Videojuegos I\Asteroids_Pierpaoli_Matias_TSDV_TM\bin\Win32\Release\raylib.pdb'; se vinculará el objeto sin tener en cuenta información de depuración
raylib.lib(shapes.obj) : warning LNK4099: no se encontró PDB 'raylib.pdb' con 'raylib.lib(shapes.obj)' o en 'E:\Users\Matias\Documents\Image Campus\Segundo Cuatrimestre\Practica Profesional I Desarrollo de Videojuegos I\Asteroids_Pierpaoli_Matias_TSDV_TM\bin\Win32\Release\raylib.pdb'; se vinculará el objeto sin tener en cuenta información de depuración
raylib.lib(rglfw.obj) : warning LNK4099: no se encontró PDB 'raylib.pdb' con 'raylib.lib(rglfw.obj)' o en 'E:\Users\Matias\Documents\Image Campus\Segundo Cuatrimestre\Practica Profesional I Desarrollo de Videojuegos I\Asteroids_Pierpaoli_Matias_TSDV_TM\bin\Win32\Release\raylib.pdb'; se vinculará el objeto sin tener en cuenta información de depuración
raylib.lib(utils.obj) : warning LNK4099: no se encontró PDB 'raylib.pdb' con 'raylib.lib(utils.obj)' o en 'E:\Users\Matias\Documents\Image Campus\Segundo Cuatrimestre\Practica Profesional I Desarrollo de Videojuegos I\Asteroids_Pierpaoli_Matias_TSDV_TM\bin\Win32\Release\raylib.pdb'; se vinculará el objeto sin tener en cuenta información de depuración
raylib.lib(textures.obj) : warning LNK4099: no se encontró PDB 'raylib.pdb' con 'raylib.lib(textures.obj)' o en 'E:\Users\Matias\Documents\Image Campus\Segundo Cuatrimestre\Practica Profesional I Desarrollo de Videojuegos I\Asteroids_Pierpaoli_Matias_TSDV_TM\bin\Win32\Release\raylib.pdb'; se vinculará el objeto sin tener en cuenta información de depuración
  Asteroids.vcxproj -> E:\Users\Matias\Documents\Image Campus\Segundo Cuatrimestre\Practica Profesional I Desarrollo de Videojuegos I\Asteroids_Pierpaoli_Matias_TSDV_TM\bin\Win32\Release\Asteroids.exe
