  credits.cpp
  drawGame.cpp
  game.cpp
  howToPlay.cpp
  initGame.cpp
E:\Users\Matias\Documents\Image Campus\Segundo Cuatrimestre\Practica Profesional I Desarrollo de Videojuegos I\Asteroids_Pierpaoli_Matias_TSDV_TM\Asteroids\initGame.cpp(58,24): warning C4244: '=': conversión de 'int' a 'float'; posible pérdida de datos
E:\Users\Matias\Documents\Image Campus\Segundo Cuatrimestre\Practica Profesional I Desarrollo de Videojuegos I\Asteroids_Pierpaoli_Matias_TSDV_TM\Asteroids\initGame.cpp(62,91): warning C4244: '=': conversión de 'int' a 'float'; posible pérdida de datos
E:\Users\Matias\Documents\Image Campus\Segundo Cuatrimestre\Practica Profesional I Desarrollo de Videojuegos I\Asteroids_Pierpaoli_Matias_TSDV_TM\Asteroids\initGame.cpp(68,24): warning C4244: '=': conversión de 'int' a 'float'; posible pérdida de datos
E:\Users\Matias\Documents\Image Campus\Segundo Cuatrimestre\Practica Profesional I Desarrollo de Videojuegos I\Asteroids_Pierpaoli_Matias_TSDV_TM\Asteroids\initGame.cpp(72,94): warning C4244: '=': conversión de 'int' a 'float'; posible pérdida de datos
E:\Users\Matias\Documents\Image Campus\Segundo Cuatrimestre\Practica Profesional I Desarrollo de Videojuegos I\Asteroids_Pierpaoli_Matias_TSDV_TM\Asteroids\initGame.cpp(77,40): warning C4244: 'argumento': conversión de 'const float' a 'int'; posible pérdida de datos
E:\Users\Matias\Documents\Image Campus\Segundo Cuatrimestre\Practica Profesional I Desarrollo de Videojuegos I\Asteroids_Pierpaoli_Matias_TSDV_TM\Asteroids\initGame.cpp(35,29): warning C4244: 'argumento': conversión de 'float' a 'int'; posible pérdida de datos
E:\Users\Matias\Documents\Image Campus\Segundo Cuatrimestre\Practica Profesional I Desarrollo de Videojuegos I\Asteroids_Pierpaoli_Matias_TSDV_TM\Asteroids\initGame.cpp(77,24): warning C4244: '=': conversión de 'int' a 'float'; posible pérdida de datos
E:\Users\Matias\Documents\Image Campus\Segundo Cuatrimestre\Practica Profesional I Desarrollo de Videojuegos I\Asteroids_Pierpaoli_Matias_TSDV_TM\Asteroids\initGame.cpp(78,40): warning C4244: 'argumento': conversión de 'const float' a 'int'; posible pérdida de datos
E:\Users\Matias\Documents\Image Campus\Segundo Cuatrimestre\Practica Profesional I Desarrollo de Videojuegos I\Asteroids_Pierpaoli_Matias_TSDV_TM\Asteroids\initGame.cpp(78,24): warning C4244: '=': conversión de 'int' a 'float'; posible pérdida de datos
E:\Users\Matias\Documents\Image Campus\Segundo Cuatrimestre\Practica Profesional I Desarrollo de Videojuegos I\Asteroids_Pierpaoli_Matias_TSDV_TM\Asteroids\initGame.cpp(84,42): warning C4244: 'argumento': conversión de 'const float' a 'int'; posible pérdida de datos
E:\Users\Matias\Documents\Image Campus\Segundo Cuatrimestre\Practica Profesional I Desarrollo de Videojuegos I\Asteroids_Pierpaoli_Matias_TSDV_TM\Asteroids\initGame.cpp(84,26): warning C4244: '=': conversión de 'int' a 'float'; posible pérdida de datos
E:\Users\Matias\Documents\Image Campus\Segundo Cuatrimestre\Practica Profesional I Desarrollo de Videojuegos I\Asteroids_Pierpaoli_Matias_TSDV_TM\Asteroids\initGame.cpp(85,42): warning C4244: 'argumento': conversión de 'const float' a 'int'; posible pérdida de datos
E:\Users\Matias\Documents\Image Campus\Segundo Cuatrimestre\Practica Profesional I Desarrollo de Videojuegos I\Asteroids_Pierpaoli_Matias_TSDV_TM\Asteroids\initGame.cpp(85,26): warning C4244: '=': conversión de 'int' a 'float'; posible pérdida de datos
E:\Users\Matias\Documents\Image Campus\Segundo Cuatrimestre\Practica Profesional I Desarrollo de Videojuegos I\Asteroids_Pierpaoli_Matias_TSDV_TM\Asteroids\initGame.cpp(98,24): warning C4244: '=': conversión de 'int' a 'float'; posible pérdida de datos
E:\Users\Matias\Documents\Image Campus\Segundo Cuatrimestre\Practica Profesional I Desarrollo de Videojuegos I\Asteroids_Pierpaoli_Matias_TSDV_TM\Asteroids\initGame.cpp(102,91): warning C4244: '=': conversión de 'int' a 'float'; posible pérdida de datos
E:\Users\Matias\Documents\Image Campus\Segundo Cuatrimestre\Practica Profesional I Desarrollo de Videojuegos I\Asteroids_Pierpaoli_Matias_TSDV_TM\Asteroids\initGame.cpp(108,24): warning C4244: '=': conversión de 'int' a 'float'; posible pérdida de datos
E:\Users\Matias\Documents\Image Campus\Segundo Cuatrimestre\Practica Profesional I Desarrollo de Videojuegos I\Asteroids_Pierpaoli_Matias_TSDV_TM\Asteroids\initGame.cpp(112,94): warning C4244: '=': conversión de 'int' a 'float'; posible pérdida de datos
E:\Users\Matias\Documents\Image Campus\Segundo Cuatrimestre\Practica Profesional I Desarrollo de Videojuegos I\Asteroids_Pierpaoli_Matias_TSDV_TM\Asteroids\initGame.cpp(117,40): warning C4244: 'argumento': conversión de 'const float' a 'int'; posible pérdida de datos
E:\Users\Matias\Documents\Image Campus\Segundo Cuatrimestre\Practica Profesional I Desarrollo de Videojuegos I\Asteroids_Pierpaoli_Matias_TSDV_TM\Asteroids\initGame.cpp(117,24): warning C4244: '=': conversión de 'int' a 'float'; posible pérdida de datos
E:\Users\Matias\Documents\Image Campus\Segundo Cuatrimestre\Practica Profesional I Desarrollo de Videojuegos I\Asteroids_Pierpaoli_Matias_TSDV_TM\Asteroids\initGame.cpp(118,40): warning C4244: 'argumento': conversión de 'const float' a 'int'; posible pérdida de datos
E:\Users\Matias\Documents\Image Campus\Segundo Cuatrimestre\Practica Profesional I Desarrollo de Videojuegos I\Asteroids_Pierpaoli_Matias_TSDV_TM\Asteroids\initGame.cpp(118,24): warning C4244: '=': conversión de 'int' a 'float'; posible pérdida de datos
E:\Users\Matias\Documents\Image Campus\Segundo Cuatrimestre\Practica Profesional I Desarrollo de Videojuegos I\Asteroids_Pierpaoli_Matias_TSDV_TM\Asteroids\initGame.cpp(124,42): warning C4244: 'argumento': conversión de 'const float' a 'int'; posible pérdida de datos
E:\Users\Matias\Documents\Image Campus\Segundo Cuatrimestre\Practica Profesional I Desarrollo de Videojuegos I\Asteroids_Pierpaoli_Matias_TSDV_TM\Asteroids\initGame.cpp(124,26): warning C4244: '=': conversión de 'int' a 'float'; posible pérdida de datos
E:\Users\Matias\Documents\Image Campus\Segundo Cuatrimestre\Practica Profesional I Desarrollo de Videojuegos I\Asteroids_Pierpaoli_Matias_TSDV_TM\Asteroids\initGame.cpp(125,42): warning C4244: 'argumento': conversión de 'const float' a 'int'; posible pérdida de datos
E:\Users\Matias\Documents\Image Campus\Segundo Cuatrimestre\Practica Profesional I Desarrollo de Videojuegos I\Asteroids_Pierpaoli_Matias_TSDV_TM\Asteroids\initGame.cpp(125,26): warning C4244: '=': conversión de 'int' a 'float'; posible pérdida de datos
E:\Users\Matias\Documents\Image Campus\Segundo Cuatrimestre\Practica Profesional I Desarrollo de Videojuegos I\Asteroids_Pierpaoli_Matias_TSDV_TM\Asteroids\initGame.cpp(138,24): warning C4244: '=': conversión de 'int' a 'float'; posible pérdida de datos
E:\Users\Matias\Documents\Image Campus\Segundo Cuatrimestre\Practica Profesional I Desarrollo de Videojuegos I\Asteroids_Pierpaoli_Matias_TSDV_TM\Asteroids\initGame.cpp(142,91): warning C4244: '=': conversión de 'int' a 'float'; posible pérdida de datos
E:\Users\Matias\Documents\Image Campus\Segundo Cuatrimestre\Practica Profesional I Desarrollo de Videojuegos I\Asteroids_Pierpaoli_Matias_TSDV_TM\Asteroids\initGame.cpp(148,24): warning C4244: '=': conversión de 'int' a 'float'; posible pérdida de datos
E:\Users\Matias\Documents\Image Campus\Segundo Cuatrimestre\Practica Profesional I Desarrollo de Videojuegos I\Asteroids_Pierpaoli_Matias_TSDV_TM\Asteroids\initGame.cpp(152,94): warning C4244: '=': conversión de 'int' a 'float'; posible pérdida de datos
E:\Users\Matias\Documents\Image Campus\Segundo Cuatrimestre\Practica Profesional I Desarrollo de Videojuegos I\Asteroids_Pierpaoli_Matias_TSDV_TM\Asteroids\initGame.cpp(157,40): warning C4244: 'argumento': conversión de 'const float' a 'int'; posible pérdida de datos
E:\Users\Matias\Documents\Image Campus\Segundo Cuatrimestre\Practica Profesional I Desarrollo de Videojuegos I\Asteroids_Pierpaoli_Matias_TSDV_TM\Asteroids\initGame.cpp(157,24): warning C4244: '=': conversión de 'int' a 'float'; posible pérdida de datos
E:\Users\Matias\Documents\Image Campus\Segundo Cuatrimestre\Practica Profesional I Desarrollo de Videojuegos I\Asteroids_Pierpaoli_Matias_TSDV_TM\Asteroids\initGame.cpp(158,40): warning C4244: 'argumento': conversión de 'const float' a 'int'; posible pérdida de datos
E:\Users\Matias\Documents\Image Campus\Segundo Cuatrimestre\Practica Profesional I Desarrollo de Videojuegos I\Asteroids_Pierpaoli_Matias_TSDV_TM\Asteroids\initGame.cpp(158,24): warning C4244: '=': conversión de 'int' a 'float'; posible pérdida de datos
E:\Users\Matias\Documents\Image Campus\Segundo Cuatrimestre\Practica Profesional I Desarrollo de Videojuegos I\Asteroids_Pierpaoli_Matias_TSDV_TM\Asteroids\initGame.cpp(164,42): warning C4244: 'argumento': conversión de 'const float' a 'int'; posible pérdida de datos
E:\Users\Matias\Documents\Image Campus\Segundo Cuatrimestre\Practica Profesional I Desarrollo de Videojuegos I\Asteroids_Pierpaoli_Matias_TSDV_TM\Asteroids\initGame.cpp(164,26): warning C4244: '=': conversión de 'int' a 'float'; posible pérdida de datos
E:\Users\Matias\Documents\Image Campus\Segundo Cuatrimestre\Practica Profesional I Desarrollo de Videojuegos I\Asteroids_Pierpaoli_Matias_TSDV_TM\Asteroids\initGame.cpp(165,42): warning C4244: 'argumento': conversión de 'const float' a 'int'; posible pérdida de datos
E:\Users\Matias\Documents\Image Campus\Segundo Cuatrimestre\Practica Profesional I Desarrollo de Videojuegos I\Asteroids_Pierpaoli_Matias_TSDV_TM\Asteroids\initGame.cpp(165,26): warning C4244: '=': conversión de 'int' a 'float'; posible pérdida de datos
  main.cpp
  menu.cpp
E:\Users\Matias\Documents\Image Campus\Segundo Cuatrimestre\Practica Profesional I Desarrollo de Videojuegos I\Asteroids_Pierpaoli_Matias_TSDV_TM\Asteroids\menu.cpp(7,38): warning C4244: '=': conversión de 'int' a 'float'; posible pérdida de datos
E:\Users\Matias\Documents\Image Campus\Segundo Cuatrimestre\Practica Profesional I Desarrollo de Videojuegos I\Asteroids_Pierpaoli_Matias_TSDV_TM\Asteroids\menu.cpp(8,35): warning C4244: '=': conversión de 'int' a 'float'; posible pérdida de datos
E:\Users\Matias\Documents\Image Campus\Segundo Cuatrimestre\Practica Profesional I Desarrollo de Videojuegos I\Asteroids_Pierpaoli_Matias_TSDV_TM\Asteroids\menu.cpp(13,37): warning C4244: '=': conversión de 'int' a 'float'; posible pérdida de datos
E:\Users\Matias\Documents\Image Campus\Segundo Cuatrimestre\Practica Profesional I Desarrollo de Videojuegos I\Asteroids_Pierpaoli_Matias_TSDV_TM\Asteroids\menu.cpp(14,38): warning C4244: '=': conversión de 'int' a 'float'; posible pérdida de datos
E:\Users\Matias\Documents\Image Campus\Segundo Cuatrimestre\Practica Profesional I Desarrollo de Videojuegos I\Asteroids_Pierpaoli_Matias_TSDV_TM\Asteroids\menu.cpp(19,41): warning C4244: '=': conversión de 'int' a 'float'; posible pérdida de datos
E:\Users\Matias\Documents\Image Campus\Segundo Cuatrimestre\Practica Profesional I Desarrollo de Videojuegos I\Asteroids_Pierpaoli_Matias_TSDV_TM\Asteroids\menu.cpp(20,42): warning C4244: '=': conversión de 'int' a 'float'; posible pérdida de datos
E:\Users\Matias\Documents\Image Campus\Segundo Cuatrimestre\Practica Profesional I Desarrollo de Videojuegos I\Asteroids_Pierpaoli_Matias_TSDV_TM\Asteroids\menu.cpp(25,39): warning C4244: '=': conversión de 'int' a 'float'; posible pérdida de datos
E:\Users\Matias\Documents\Image Campus\Segundo Cuatrimestre\Practica Profesional I Desarrollo de Videojuegos I\Asteroids_Pierpaoli_Matias_TSDV_TM\Asteroids\menu.cpp(26,40): warning C4244: '=': conversión de 'int' a 'float'; posible pérdida de datos
E:\Users\Matias\Documents\Image Campus\Segundo Cuatrimestre\Practica Profesional I Desarrollo de Videojuegos I\Asteroids_Pierpaoli_Matias_TSDV_TM\Asteroids\menu.cpp(38,116): warning C4244: 'argumento': conversión de 'float' a 'int'; posible pérdida de datos
E:\Users\Matias\Documents\Image Campus\Segundo Cuatrimestre\Practica Profesional I Desarrollo de Videojuegos I\Asteroids_Pierpaoli_Matias_TSDV_TM\Asteroids\menu.cpp(38,102): warning C4244: 'argumento': conversión de 'float' a 'int'; posible pérdida de datos
E:\Users\Matias\Documents\Image Campus\Segundo Cuatrimestre\Practica Profesional I Desarrollo de Videojuegos I\Asteroids_Pierpaoli_Matias_TSDV_TM\Asteroids\menu.cpp(39,62): warning C4244: 'argumento': conversión de 'float' a 'int'; posible pérdida de datos
E:\Users\Matias\Documents\Image Campus\Segundo Cuatrimestre\Practica Profesional I Desarrollo de Videojuegos I\Asteroids_Pierpaoli_Matias_TSDV_TM\Asteroids\menu.cpp(39,48): warning C4244: 'argumento': conversión de 'float' a 'int'; posible pérdida de datos
E:\Users\Matias\Documents\Image Campus\Segundo Cuatrimestre\Practica Profesional I Desarrollo de Videojuegos I\Asteroids_Pierpaoli_Matias_TSDV_TM\Asteroids\menu.cpp(41,124): warning C4244: 'argumento': conversión de 'float' a 'int'; posible pérdida de datos
E:\Users\Matias\Documents\Image Campus\Segundo Cuatrimestre\Practica Profesional I Desarrollo de Videojuegos I\Asteroids_Pierpaoli_Matias_TSDV_TM\Asteroids\menu.cpp(41,107): warning C4244: 'argumento': conversión de 'float' a 'int'; posible pérdida de datos
E:\Users\Matias\Documents\Image Campus\Segundo Cuatrimestre\Practica Profesional I Desarrollo de Videojuegos I\Asteroids_Pierpaoli_Matias_TSDV_TM\Asteroids\menu.cpp(42,71): warning C4244: 'argumento': conversión de 'float' a 'int'; posible pérdida de datos
E:\Users\Matias\Documents\Image Campus\Segundo Cuatrimestre\Practica Profesional I Desarrollo de Videojuegos I\Asteroids_Pierpaoli_Matias_TSDV_TM\Asteroids\menu.cpp(42,54): warning C4244: 'argumento': conversión de 'float' a 'int'; posible pérdida de datos
E:\Users\Matias\Documents\Image Campus\Segundo Cuatrimestre\Practica Profesional I Desarrollo de Videojuegos I\Asteroids_Pierpaoli_Matias_TSDV_TM\Asteroids\menu.cpp(44,128): warning C4244: 'argumento': conversión de 'float' a 'int'; posible pérdida de datos
E:\Users\Matias\Documents\Image Campus\Segundo Cuatrimestre\Practica Profesional I Desarrollo de Videojuegos I\Asteroids_Pierpaoli_Matias_TSDV_TM\Asteroids\menu.cpp(44,111): warning C4244: 'argumento': conversión de 'float' a 'int'; posible pérdida de datos
E:\Users\Matias\Documents\Image Campus\Segundo Cuatrimestre\Practica Profesional I Desarrollo de Videojuegos I\Asteroids_Pierpaoli_Matias_TSDV_TM\Asteroids\menu.cpp(45,71): warning C4244: 'argumento': conversión de 'float' a 'int'; posible pérdida de datos
E:\Users\Matias\Documents\Image Campus\Segundo Cuatrimestre\Practica Profesional I Desarrollo de Videojuegos I\Asteroids_Pierpaoli_Matias_TSDV_TM\Asteroids\menu.cpp(45,54): warning C4244: 'argumento': conversión de 'float' a 'int'; posible pérdida de datos
E:\Users\Matias\Documents\Image Campus\Segundo Cuatrimestre\Practica Profesional I Desarrollo de Videojuegos I\Asteroids_Pierpaoli_Matias_TSDV_TM\Asteroids\menu.cpp(47,120): warning C4244: 'argumento': conversión de 'float' a 'int'; posible pérdida de datos
E:\Users\Matias\Documents\Image Campus\Segundo Cuatrimestre\Practica Profesional I Desarrollo de Videojuegos I\Asteroids_Pierpaoli_Matias_TSDV_TM\Asteroids\menu.cpp(47,105): warning C4244: 'argumento': conversión de 'float' a 'int'; posible pérdida de datos
E:\Users\Matias\Documents\Image Campus\Segundo Cuatrimestre\Practica Profesional I Desarrollo de Videojuegos I\Asteroids_Pierpaoli_Matias_TSDV_TM\Asteroids\menu.cpp(48,65): warning C4244: 'argumento': conversión de 'float' a 'int'; posible pérdida de datos
E:\Users\Matias\Documents\Image Campus\Segundo Cuatrimestre\Practica Profesional I Desarrollo de Videojuegos I\Asteroids_Pierpaoli_Matias_TSDV_TM\Asteroids\menu.cpp(48,50): warning C4244: 'argumento': conversión de 'float' a 'int'; posible pérdida de datos
  meteors.cpp
  resetGame.cpp
  runGame.cpp
  player.cpp
  shoot.cpp
  updateDrawFrame.cpp
  updateGame.cpp
  Generando código...
E:\Users\Matias\Documents\Image Campus\Segundo Cuatrimestre\Practica Profesional I Desarrollo de Videojuegos I\Asteroids_Pierpaoli_Matias_TSDV_TM\Asteroids\runGame.cpp(39): warning C4715: 'runGame': no todas las rutas de acceso de control devuelven un valor
E:\Users\Matias\Documents\Image Campus\Segundo Cuatrimestre\Practica Profesional I Desarrollo de Videojuegos I\Asteroids_Pierpaoli_Matias_TSDV_TM\Asteroids\initGame.cpp(47): error C4700: se utilizó la variable local 'player' sin inicializar
