e:\users\matias\documents\image campus\segundo cuatrimestre\practica profesional i desarrollo de videojuegos i\asteroids_pierpaoli_matias_tsdv_tm\obj\win32\debug\vc142.pdb
e:\users\matias\documents\image campus\segundo cuatrimestre\practica profesional i desarrollo de videojuegos i\asteroids_pierpaoli_matias_tsdv_tm\obj\win32\debug\vc142.idb
e:\users\matias\documents\image campus\segundo cuatrimestre\practica profesional i desarrollo de videojuegos i\asteroids_pierpaoli_matias_tsdv_tm\obj\win32\debug\main.obj
e:\users\matias\documents\image campus\segundo cuatrimestre\practica profesional i desarrollo de videojuegos i\asteroids_pierpaoli_matias_tsdv_tm\obj\win32\debug\rungame.obj
e:\users\matias\documents\image campus\segundo cuatrimestre\practica profesional i desarrollo de videojuegos i\asteroids_pierpaoli_matias_tsdv_tm\obj\win32\debug\menu.obj
e:\users\matias\documents\image campus\segundo cuatrimestre\practica profesional i desarrollo de videojuegos i\asteroids_pierpaoli_matias_tsdv_tm\obj\win32\debug\initgame.obj
e:\users\matias\documents\image campus\segundo cuatrimestre\practica profesional i desarrollo de videojuegos i\asteroids_pierpaoli_matias_tsdv_tm\obj\win32\debug\howtoplay.obj
e:\users\matias\documents\image campus\segundo cuatrimestre\practica profesional i desarrollo de videojuegos i\asteroids_pierpaoli_matias_tsdv_tm\obj\win32\debug\game.obj
e:\users\matias\documents\image campus\segundo cuatrimestre\practica profesional i desarrollo de videojuegos i\asteroids_pierpaoli_matias_tsdv_tm\obj\win32\debug\credits.obj
e:\users\matias\documents\image campus\segundo cuatrimestre\practica profesional i desarrollo de videojuegos i\asteroids_pierpaoli_matias_tsdv_tm\obj\win32\debug\shoot.obj
e:\users\matias\documents\image campus\segundo cuatrimestre\practica profesional i desarrollo de videojuegos i\asteroids_pierpaoli_matias_tsdv_tm\obj\win32\debug\player.obj
e:\users\matias\documents\image campus\segundo cuatrimestre\practica profesional i desarrollo de videojuegos i\asteroids_pierpaoli_matias_tsdv_tm\obj\win32\debug\resetgame.obj
e:\users\matias\documents\image campus\segundo cuatrimestre\practica profesional i desarrollo de videojuegos i\asteroids_pierpaoli_matias_tsdv_tm\obj\win32\debug\drawgame.obj
e:\users\matias\documents\image campus\segundo cuatrimestre\practica profesional i desarrollo de videojuegos i\asteroids_pierpaoli_matias_tsdv_tm\bin\win32\debug\asteroids.exe
e:\users\matias\documents\image campus\segundo cuatrimestre\practica profesional i desarrollo de videojuegos i\asteroids_pierpaoli_matias_tsdv_tm\bin\win32\debug\asteroids.pdb
e:\users\matias\documents\image campus\segundo cuatrimestre\practica profesional i desarrollo de videojuegos i\asteroids_pierpaoli_matias_tsdv_tm\\bin\win32\debug\asteroids.pdb
e:\users\matias\documents\image campus\segundo cuatrimestre\practica profesional i desarrollo de videojuegos i\asteroids_pierpaoli_matias_tsdv_tm\obj\win32\debug\asteroids.tlog\cl.command.1.tlog
e:\users\matias\documents\image campus\segundo cuatrimestre\practica profesional i desarrollo de videojuegos i\asteroids_pierpaoli_matias_tsdv_tm\obj\win32\debug\asteroids.tlog\cl.read.1.tlog
e:\users\matias\documents\image campus\segundo cuatrimestre\practica profesional i desarrollo de videojuegos i\asteroids_pierpaoli_matias_tsdv_tm\obj\win32\debug\asteroids.tlog\cl.write.1.tlog
e:\users\matias\documents\image campus\segundo cuatrimestre\practica profesional i desarrollo de videojuegos i\asteroids_pierpaoli_matias_tsdv_tm\obj\win32\debug\asteroids.tlog\link.command.1.tlog
e:\users\matias\documents\image campus\segundo cuatrimestre\practica profesional i desarrollo de videojuegos i\asteroids_pierpaoli_matias_tsdv_tm\obj\win32\debug\asteroids.tlog\link.read.1.tlog
e:\users\matias\documents\image campus\segundo cuatrimestre\practica profesional i desarrollo de videojuegos i\asteroids_pierpaoli_matias_tsdv_tm\obj\win32\debug\asteroids.tlog\link.write.1.tlog
